<?xml version="1.0" encoding="UTF-8"?>
<robot generator="Robot 7.0 (Python 3.12.1 on win32)" generated="2024-01-26T11:30:05.915225" rpa="false" schemaversion="5">
<suite id="s1" name="Tests" source="D:\Robot Framework\Login\tests">
<suite id="s1-s1" name="TC01" source="D:\Robot Framework\Login\tests\TC01.robot">
<test id="s1-s1-t1" name="TC01: Putting the right Username and Password" line="6">
<kw name="Given I access the login page" owner="Steps_Login">
<kw name="Open Browser" owner="SeleniumLibrary">
<msg time="2024-01-26T11:30:06.096010" level="INFO">Opening browser 'chrome' to base url 'https://the-internet.herokuapp.com/login'.</msg>
<arg>${Url}</arg>
<arg>${Browser}</arg>
<doc>Opens a new browser instance to the optional ``url``.</doc>
<status status="PASS" start="2024-01-26T11:30:06.096010" elapsed="6.791236"/>
</kw>
<kw name="Maximize Browser Window" owner="SeleniumLibrary">
<doc>Maximizes current browser window.</doc>
<status status="PASS" start="2024-01-26T11:30:12.887246" elapsed="0.128953"/>
</kw>
<status status="PASS" start="2024-01-26T11:30:06.095000" elapsed="6.921199"/>
</kw>
<kw name="When I put my Username and my password" owner="Steps_Login">
<kw name="Input Text" owner="SeleniumLibrary">
<msg time="2024-01-26T11:30:13.018132" level="INFO">Typing text 'tomsmith' into text field '//input[@id="username"]'.</msg>
<arg>${Elements.Input_Username}</arg>
<arg>${Username}</arg>
<doc>Types the given ``text`` into the text field identified by ``locator``.</doc>
<status status="PASS" start="2024-01-26T11:30:13.017577" elapsed="0.168799"/>
</kw>
<kw name="Input Text" owner="SeleniumLibrary">
<msg time="2024-01-26T11:30:13.187722" level="INFO">Typing text 'SuperSecretPassword!' into text field '//input[@id="password"]'.</msg>
<arg>${Elements.Input_Password}</arg>
<arg>${Password}</arg>
<doc>Types the given ``text`` into the text field identified by ``locator``.</doc>
<status status="PASS" start="2024-01-26T11:30:13.186376" elapsed="0.129476"/>
</kw>
<kw name="Click Button" owner="SeleniumLibrary">
<msg time="2024-01-26T11:30:13.316889" level="INFO">Clicking button '//button[@type="submit"]'.</msg>
<arg>${Elements.Button_Login}</arg>
<doc>Clicks the button identified by ``locator``.</doc>
<status status="PASS" start="2024-01-26T11:30:13.316889" elapsed="0.381951"/>
</kw>
<status status="PASS" start="2024-01-26T11:30:13.016199" elapsed="0.683811"/>
</kw>
<kw name="Then I'm redirected" owner="Steps_Login">
<kw name="Wait Until Element Is Visible" owner="SeleniumLibrary">
<arg>${Elements.Button_Logout}</arg>
<doc>Waits until the element ``locator`` is visible.</doc>
<status status="PASS" start="2024-01-26T11:30:13.701021" elapsed="0.098324"/>
</kw>
<kw name="Element Should Be Visible" owner="SeleniumLibrary">
<msg time="2024-01-26T11:30:13.819606" level="INFO">Element '//a[@class="button secondary radius"]' is displayed.</msg>
<arg>${Elements.Button_Logout}</arg>
<doc>Verifies that the element identified by ``locator`` is visible.</doc>
<status status="PASS" start="2024-01-26T11:30:13.799345" elapsed="0.020261"/>
</kw>
<kw name="Close Browser" owner="SeleniumLibrary">
<doc>Closes the current browser.</doc>
<status status="PASS" start="2024-01-26T11:30:13.819606" elapsed="2.238991"/>
</kw>
<status status="PASS" start="2024-01-26T11:30:13.700010" elapsed="2.359675"/>
</kw>
<status status="PASS" start="2024-01-26T11:30:06.093493" elapsed="9.968149"/>
</test>
<status status="PASS" start="2024-01-26T11:30:05.936896" elapsed="10.130168"/>
</suite>
<suite id="s1-s2" name="TC02" source="D:\Robot Framework\Login\tests\TC02.robot">
<test id="s1-s2-t1" name="TC02: Putting the wrong Username and Password" line="6">
<kw name="Given I access the login page" owner="Steps_Login">
<kw name="Open Browser" owner="SeleniumLibrary">
<msg time="2024-01-26T11:30:16.087112" level="INFO">Opening browser 'chrome' to base url 'https://the-internet.herokuapp.com/login'.</msg>
<arg>${Url}</arg>
<arg>${Browser}</arg>
<doc>Opens a new browser instance to the optional ``url``.</doc>
<status status="PASS" start="2024-01-26T11:30:16.086100" elapsed="7.698105"/>
</kw>
<kw name="Maximize Browser Window" owner="SeleniumLibrary">
<doc>Maximizes current browser window.</doc>
<status status="PASS" start="2024-01-26T11:30:23.784205" elapsed="0.114695"/>
</kw>
<status status="PASS" start="2024-01-26T11:30:16.085589" elapsed="7.813311"/>
</kw>
<kw name="When I put my wrong Username and password" owner="Steps_Login">
<kw name="Input Text" owner="SeleniumLibrary">
<msg time="2024-01-26T11:30:23.900959" level="INFO">Typing text 'tomsmith12' into text field '//input[@id="username"]'.</msg>
<arg>${Elements.Input_Username}</arg>
<arg>${Username_Wrong}</arg>
<doc>Types the given ``text`` into the text field identified by ``locator``.</doc>
<status status="PASS" start="2024-01-26T11:30:23.899957" elapsed="0.170649"/>
</kw>
<kw name="Input Text" owner="SeleniumLibrary">
<msg time="2024-01-26T11:30:24.071111" level="INFO">Typing text 'SuperSecretPassword!!!' into text field '//input[@id="password"]'.</msg>
<arg>${Elements.Input_Password}</arg>
<arg>${Password_Wrong}</arg>
<doc>Types the given ``text`` into the text field identified by ``locator``.</doc>
<status status="PASS" start="2024-01-26T11:30:24.071111" elapsed="0.120880"/>
</kw>
<kw name="Click Button" owner="SeleniumLibrary">
<msg time="2024-01-26T11:30:24.193413" level="INFO">Clicking button '//button[@type="submit"]'.</msg>
<arg>${Elements.Button_Login}</arg>
<doc>Clicks the button identified by ``locator``.</doc>
<status status="PASS" start="2024-01-26T11:30:24.191991" elapsed="0.459485"/>
</kw>
<status status="PASS" start="2024-01-26T11:30:23.899957" elapsed="0.751519"/>
</kw>
<kw name="Then shows the message that is invalid" owner="Steps_Login">
<kw name="Wait Until Element Is Visible" owner="SeleniumLibrary">
<arg>${Elements.Prove_Wrong}</arg>
<doc>Waits until the element ``locator`` is visible.</doc>
<status status="PASS" start="2024-01-26T11:30:24.652217" elapsed="0.040079"/>
</kw>
<kw name="Element Should Be Visible" owner="SeleniumLibrary">
<msg time="2024-01-26T11:30:24.714157" level="INFO">Element '//div[@id="flash"]' is displayed.</msg>
<arg>${Elements.Prove_Wrong}</arg>
<doc>Verifies that the element identified by ``locator`` is visible.</doc>
<status status="PASS" start="2024-01-26T11:30:24.693294" elapsed="0.020863"/>
</kw>
<kw name="Close Browser" owner="SeleniumLibrary">
<doc>Closes the current browser.</doc>
<status status="PASS" start="2024-01-26T11:30:24.714157" elapsed="2.089600"/>
</kw>
<status status="PASS" start="2024-01-26T11:30:24.652217" elapsed="2.151540"/>
</kw>
<status status="PASS" start="2024-01-26T11:30:16.084590" elapsed="10.721090"/>
</test>
<status status="PASS" start="2024-01-26T11:30:16.071812" elapsed="10.738881"/>
</suite>
<status status="PASS" start="2024-01-26T11:30:05.917347" elapsed="20.898871"/>
</suite>
<statistics>
<total>
<stat pass="2" fail="0" skip="0">All Tests</stat>
</total>
<tag>
</tag>
<suite>
<stat pass="2" fail="0" skip="0" id="s1" name="Tests">Tests</stat>
<stat pass="1" fail="0" skip="0" id="s1-s1" name="TC01">Tests.TC01</stat>
<stat pass="1" fail="0" skip="0" id="s1-s2" name="TC02">Tests.TC02</stat>
</suite>
</statistics>
<errors>
</errors>
</robot>
